<?xml version="1.0" encoding="UTF-8"?>
<testsuite xmlns:xsi="http://www.w3.org/2001/XMLSchema-instance" xsi:noNamespaceSchemaLocation="https://maven.apache.org/surefire/maven-surefire-plugin/xsd/surefire-test-report-3.0.xsd" version="3.0" name="etl.TransformerTest" time="0.029" tests="5" errors="0" skipped="0" failures="0">
  <properties>
[...]
</properties>
  <testcase name="deve retornar -1 para data invalida" classname="etl.TransformerTest" time="0.003"/>
  <testcase name="deve calcular dias para vencer corretamente" classname="etl.TransformerTest" time="0.005"/>
  <testcase name="deve retornar zero para preco invalido" classname="etl.TransformerTest" time="0.003"/>
  <testcase name="deve validar colunas obrigatorias corretamente" classname="etl.TransformerTest" time="0.012"/>
  <testcase name="deve converter decimal com virgula para ponto" classname="etl.TransformerTest" time="0.002"/>
</testsuite>